-- Found ament_cmake: 1.3.11 (/opt/ros/humble/share/ament_cmake/cmake)
-- Found rclcpp: 16.0.11 (/opt/ros/humble/share/rclcpp/cmake)
-- Found rosidl_generator_c: 3.1.6 (/opt/ros/humble/share/rosidl_generator_c/cmake)
-- Found rosidl_adapter: 3.1.6 (/opt/ros/humble/share/rosidl_adapter/cmake)
-- Found rosidl_generator_cpp: 3.1.6 (/opt/ros/humble/share/rosidl_generator_cpp/cmake)
-- Using all available rosidl_typesupport_c: rosidl_typesupport_fastrtps_c;rosidl_typesupport_introspection_c
-- Using all available rosidl_typesupport_cpp: rosidl_typesupport_fastrtps_cpp;rosidl_typesupport_introspection_cpp
-- Found rmw_implementation_cmake: 6.1.2 (/opt/ros/humble/share/rmw_implementation_cmake/cmake)
-- Found rmw_fastrtps_cpp: 6.2.7 (/opt/ros/humble/share/rmw_fastrtps_cpp/cmake)
-- Using RMW implementation 'rmw_fastrtps_cpp' as default
-- Found sensor_msgs: 4.2.4 (/opt/ros/humble/share/sensor_msgs/cmake)
-- Found visualization_msgs: 4.2.4 (/opt/ros/humble/share/visualization_msgs/cmake)
-- Found base: 0.0.0 (/home/sunrise/amphibious_ws/install/base/share/base/cmake)
-- Found std_srvs: 4.2.4 (/opt/ros/humble/share/std_srvs/cmake)
-- Found ament_lint_auto: 0.12.11 (/opt/ros/humble/share/ament_lint_auto/cmake)
-- Configuring done
-- Generating done
-- Build files have been written to: /home/sunrise/amphibious_ws/build/bluesea2
[35m[1mConsolidate compiler generated dependencies of target bluesea2_node[0m
[35m[1mConsolidate compiler generated dependencies of target bluesea2_heart_check[0m
[35m[1mConsolidate compiler generated dependencies of target bluesea2_client[0m
[  7%] [32mBuilding CXX object CMakeFiles/bluesea2_heart_check.dir/src/heart_check.cpp.o[0m
[ 15%] [32mBuilding CXX object CMakeFiles/bluesea2_node.dir/src/node.cpp.o[0m
[ 23%] [32mBuilding CXX object CMakeFiles/bluesea2_client.dir/src/client.cpp.o[0m
[01m[K/home/sunrise/amphibious_ws/src/bluesea2/src/bluesea-ros2/src/client.cpp:5:10:[m[K [01;31m[Kfatal error: [m[Kbase_lidar/srv/control.hpp: æ²¡æœ‰é‚£ä¸ªæ–‡ä»¶æˆ–ç›®å½•
    5 | #include [01;31m[K"base_lidar/srv/control.hpp"[m[K
      |          [01;31m[K^~~~~~~~~~~~~~~~~~~~~~~~~~~~[m[K
compilation terminated.
[01m[K/home/sunrise/amphibious_ws/src/bluesea2/src/bluesea-ros2/src/node.cpp:9:10:[m[K [01;31m[Kfatal error: [m[Kbase_lidar/srv/control.hpp: æ²¡æœ‰é‚£ä¸ªæ–‡ä»¶æˆ–ç›®å½•
    9 | #include [01;31m[K"base_lidar/srv/control.hpp"[m[K
      |          [01;31m[K^~~~~~~~~~~~~~~~~~~~~~~~~~~~[m[K
compilation terminated.
gmake[2]: *** [CMakeFiles/bluesea2_client.dir/build.make:76ï¼šCMakeFiles/bluesea2_client.dir/src/client.cpp.o] é”™è¯¯ 1
gmake[1]: *** [CMakeFiles/Makefile2:167ï¼šCMakeFiles/bluesea2_client.dir/all] é”™è¯¯ 2
gmake[1]: *** æ­£åœ¨ç­‰å¾…æœªå®Œæˆçš„ä»»åŠ¡....
gmake[2]: *** [CMakeFiles/bluesea2_node.dir/build.make:76ï¼šCMakeFiles/bluesea2_node.dir/src/node.cpp.o] é”™è¯¯ 1
gmake[1]: *** [CMakeFiles/Makefile2:141ï¼šCMakeFiles/bluesea2_node.dir/all] é”™è¯¯ 2
[01m[K/home/sunrise/amphibious_ws/src/bluesea2/src/bluesea-ros2/src/heart_check.cpp:8:10:[m[K [01;31m[Kfatal error: [m[Kbase_lidar/srv/control.hpp: æ²¡æœ‰é‚£ä¸ªæ–‡ä»¶æˆ–ç›®å½•
    8 | #include [01;31m[K"base_lidar/srv/control.hpp"[m[K
      |          [01;31m[K^~~~~~~~~~~~~~~~~~~~~~~~~~~~[m[K
compilation terminated.
gmake[2]: *** [CMakeFiles/bluesea2_heart_check.dir/build.make:76ï¼šCMakeFiles/bluesea2_heart_check.dir/src/heart_check.cpp.o] é”™è¯¯ 1
gmake[1]: *** [CMakeFiles/Makefile2:193ï¼šCMakeFiles/bluesea2_heart_check.dir/all] é”™è¯¯ 2
gmake: *** [Makefile:146ï¼šall] é”™è¯¯ 2
