[01m[K/home/sunrise/amphibious_ws/src/i2c_pkg/src/pid_velocity_lifecycle.cpp:[m[K In member function â€˜[01m[Kvirtual rclcpp_lifecycle::node_interfaces::LifecycleNodeInterface::CallbackReturn VelocityPIDLifecycleNode::on_configure(const rclcpp_lifecycle::State&)[m[Kâ€™:
[01m[K/home/sunrise/amphibious_ws/src/i2c_pkg/src/pid_velocity_lifecycle.cpp:134:13:[m[K [01;31m[Kerror: [m[Kâ€˜[01m[Kactual_vx_[m[Kâ€™ was not declared in this scope
  134 |             [01;31m[Kactual_vx_[m[K = 0.0;
      |             [01;31m[K^~~~~~~~~~[m[K
[01m[K/home/sunrise/amphibious_ws/src/i2c_pkg/src/pid_velocity_lifecycle.cpp:135:13:[m[K [01;31m[Kerror: [m[Kâ€˜[01m[Kactual_vy_[m[Kâ€™ was not declared in this scope
  135 |             [01;31m[Kactual_vy_[m[K = 0.0;
      |             [01;31m[K^~~~~~~~~~[m[K
[01m[K/home/sunrise/amphibious_ws/src/i2c_pkg/src/pid_velocity_lifecycle.cpp:136:13:[m[K [01;31m[Kerror: [m[Kâ€˜[01m[Kactual_omega_[m[Kâ€™ was not declared in this scope
  136 |             [01;31m[Kactual_omega_[m[K = 0.0;
      |             [01;31m[K^~~~~~~~~~~~~[m[K
[01m[K/home/sunrise/amphibious_ws/src/i2c_pkg/src/pid_velocity_lifecycle.cpp:[m[K In member function â€˜[01m[Kvirtual rclcpp_lifecycle::node_interfaces::LifecycleNodeInterface::CallbackReturn VelocityPIDLifecycleNode::on_deactivate(const rclcpp_lifecycle::State&)[m[Kâ€™:
[01m[K/home/sunrise/amphibious_ws/src/i2c_pkg/src/pid_velocity_lifecycle.cpp:203:9:[m[K [01;31m[Kerror: [m[Kâ€˜[01m[Ktracked_pose_sub_[m[Kâ€™ was not declared in this scope
  203 |         [01;31m[Ktracked_pose_sub_[m[K.reset();
      |         [01;31m[K^~~~~~~~~~~~~~~~~[m[K
[01m[K/home/sunrise/amphibious_ws/src/i2c_pkg/src/pid_velocity_lifecycle.cpp:[m[K In member function â€˜[01m[Kvirtual rclcpp_lifecycle::node_interfaces::LifecycleNodeInterface::CallbackReturn VelocityPIDLifecycleNode::on_shutdown(const rclcpp_lifecycle::State&)[m[Kâ€™:
[01m[K/home/sunrise/amphibious_ws/src/i2c_pkg/src/pid_velocity_lifecycle.cpp:241:9:[m[K [01;31m[Kerror: [m[Kâ€˜[01m[Ktracked_pose_sub_[m[Kâ€™ was not declared in this scope
  241 |         [01;31m[Ktracked_pose_sub_[m[K.reset();
      |         [01;31m[K^~~~~~~~~~~~~~~~~[m[K
gmake[2]: *** [CMakeFiles/pid_velocity_lifecycle.dir/build.make:76ï¼šCMakeFiles/pid_velocity_lifecycle.dir/src/pid_velocity_lifecycle.cpp.o] é”™è¯¯ 1
gmake[1]: *** [CMakeFiles/Makefile2:337ï¼šCMakeFiles/pid_velocity_lifecycle.dir/all] é”™è¯¯ 2
gmake[1]: *** æ­£åœ¨ç­‰å¾…æœªå®Œæˆçš„ä»»åŠ¡....
gmake: *** [Makefile:146ï¼šall] é”™è¯¯ 2
