[01m[K/home/sunrise/amphibious_ws/src/i2c_pkg/src/pid_velocity_lifecycle.cpp:[m[K In member function ‘[01m[Kvirtual rclcpp_lifecycle::node_interfaces::LifecycleNodeInterface::CallbackReturn VelocityPIDLifecycleNode::on_configure(const rclcpp_lifecycle::State&)[m[K’:
[01m[K/home/sunrise/amphibious_ws/src/i2c_pkg/src/pid_velocity_lifecycle.cpp:134:13:[m[K [01;31m[Kerror: [m[K‘[01m[Kactual_vx_[m[K’ was not declared in this scope
  134 |             [01;31m[Kactual_vx_[m[K = 0.0;
      |             [01;31m[K^~~~~~~~~~[m[K
[01m[K/home/sunrise/amphibious_ws/src/i2c_pkg/src/pid_velocity_lifecycle.cpp:135:13:[m[K [01;31m[Kerror: [m[K‘[01m[Kactual_vy_[m[K’ was not declared in this scope
  135 |             [01;31m[Kactual_vy_[m[K = 0.0;
      |             [01;31m[K^~~~~~~~~~[m[K
[01m[K/home/sunrise/amphibious_ws/src/i2c_pkg/src/pid_velocity_lifecycle.cpp:136:13:[m[K [01;31m[Kerror: [m[K‘[01m[Kactual_omega_[m[K’ was not declared in this scope
  136 |             [01;31m[Kactual_omega_[m[K = 0.0;
      |             [01;31m[K^~~~~~~~~~~~~[m[K
[01m[K/home/sunrise/amphibious_ws/src/i2c_pkg/src/pid_velocity_lifecycle.cpp:[m[K In member function ‘[01m[Kvirtual rclcpp_lifecycle::node_interfaces::LifecycleNodeInterface::CallbackReturn VelocityPIDLifecycleNode::on_deactivate(const rclcpp_lifecycle::State&)[m[K’:
[01m[K/home/sunrise/amphibious_ws/src/i2c_pkg/src/pid_velocity_lifecycle.cpp:203:9:[m[K [01;31m[Kerror: [m[K‘[01m[Ktracked_pose_sub_[m[K’ was not declared in this scope
  203 |         [01;31m[Ktracked_pose_sub_[m[K.reset();
      |         [01;31m[K^~~~~~~~~~~~~~~~~[m[K
[01m[K/home/sunrise/amphibious_ws/src/i2c_pkg/src/pid_velocity_lifecycle.cpp:[m[K In member function ‘[01m[Kvirtual rclcpp_lifecycle::node_interfaces::LifecycleNodeInterface::CallbackReturn VelocityPIDLifecycleNode::on_shutdown(const rclcpp_lifecycle::State&)[m[K’:
[01m[K/home/sunrise/amphibious_ws/src/i2c_pkg/src/pid_velocity_lifecycle.cpp:241:9:[m[K [01;31m[Kerror: [m[K‘[01m[Ktracked_pose_sub_[m[K’ was not declared in this scope
  241 |         [01;31m[Ktracked_pose_sub_[m[K.reset();
      |         [01;31m[K^~~~~~~~~~~~~~~~~[m[K
gmake[2]: *** [CMakeFiles/pid_velocity_lifecycle.dir/build.make:76：CMakeFiles/pid_velocity_lifecycle.dir/src/pid_velocity_lifecycle.cpp.o] 错误 1
gmake[1]: *** [CMakeFiles/Makefile2:337：CMakeFiles/pid_velocity_lifecycle.dir/all] 错误 2
gmake[1]: *** 正在等待未完成的任务....
gmake: *** [Makefile:146：all] 错误 2
